<?xml version="1.0" encoding="UTF-8"?>
<testsuite xmlns:xsi="http://www.w3.org/2001/XMLSchema-instance" xsi:noNamespaceSchemaLocation="https://maven.apache.org/surefire/maven-surefire-plugin/xsd/surefire-test-report.xsd" version="3.0.2" name="com.shuvam.springboot.demo.mycoolapp.MycoolappApplicationTests" time="2.269" tests="1" errors="0" skipped="0" failures="0">
  <properties>
[...]
</properties>
  <testcase name="contextLoads" classname="com.shuvam.springboot.demo.mycoolapp.MycoolappApplicationTests" time="0.577">
    <system-out><![CDATA[12:15:15.527 [main] INFO org.springframework.test.context.support.AnnotationConfigContextLoaderUtils -- Could not detect default configuration classes for test class [com.shuvam.springboot.demo.mycoolapp.MycoolappApplicationTests]: MycoolappApplicationTests does not declare any static, non-private, non-final, nested classes annotated with @Configuration.
12:15:15.673 [main] INFO org.springframework.boot.test.context.SpringBootTestContextBootstrapper -- Found @SpringBootConfiguration com.shuvam.springboot.demo.mycoolapp.MycoolappApplication for test class com.shuvam.springboot.demo.mycoolapp.MycoolappApplicationTests
12:15:15.843 [main] INFO org.springframework.boot.devtools.restart.RestartApplicationListener -- Restart disabled due to context in which it is running

  .   ____          _            __ _ _
 /\\ / ___'_ __ _ _(_)_ __  __ _ \ \ \ \
( ( )\___ | '_ | '_| | '_ \/ _` | \ \ \ \
 \\/  ___)| |_)| | | | | || (_| |  ) ) ) )
  '  |____| .__|_| |_|_| |_\__, | / / / /
 =========|_|==============|___/=/_/_/_/

 :: Spring Boot ::                (v4.0.1)

2026-01-19T12:15:16.080+05:30  INFO 11900 --- [mycoolapp] [           main] c.s.s.d.m.MycoolappApplicationTests      : Starting MycoolappApplicationTests using Java 25.0.1 with PID 11900 (started by SHUVAM in D:\WIZARD-CREATION\Coding\Spring\01-spring-boot-overview\05-command-line-demo)
2026-01-19T12:15:16.081+05:30  INFO 11900 --- [mycoolapp] [           main] c.s.s.d.m.MycoolappApplicationTests      : No active profile set, falling back to 1 default profile: "default"
2026-01-19T12:15:17.010+05:30  INFO 11900 --- [mycoolapp] [           main] c.s.s.d.m.MycoolappApplicationTests      : Started MycoolappApplicationTests in 1.183 seconds (process running for 2.32)
]]></system-out>
    <system-err><![CDATA[Mockito is currently self-attaching to enable the inline-mock-maker. This will no longer work in future releases of the JDK. Please add Mockito as an agent to your build as described in Mockito's documentation: https://javadoc.io/doc/org.mockito/mockito-core/latest/org.mockito/org/mockito/Mockito.html#0.3
WARNING: A Java agent has been loaded dynamically (C:\Users\SHUVAM\.m2\repository\net\bytebuddy\byte-buddy-agent\1.17.8\byte-buddy-agent-1.17.8.jar)
WARNING: If a serviceability tool is in use, please run with -XX:+EnableDynamicAgentLoading to hide this warning
WARNING: If a serviceability tool is not in use, please run with -Djdk.instrument.traceUsage for more information
WARNING: Dynamic loading of agents will be disallowed by default in a future release
]]></system-err>
  </testcase>
</testsuite>